<?xml version="1.0" encoding="UTF-8"?>
<testsuite xmlns:xsi="http://www.w3.org/2001/XMLSchema-instance" xsi:noNamespaceSchemaLocation="https://maven.apache.org/surefire/maven-surefire-plugin/xsd/surefire-test-report.xsd" version="3.0.2" name="com.harpreetsaund.kafkaserializer.serializers.ConsumerRecordStringSerializerTest" time="0.19" tests="3" errors="0" skipped="0" failures="0">
  <properties>
[...]
</properties>
  <testcase name="serialize_nullKeyAndValue_becomeStringLiteralNull" classname="com.harpreetsaund.kafkaserializer.serializers.ConsumerRecordStringSerializerTest" time="0.049"/>
  <testcase name="serialize_nonNullRecord_returnsJsonWithExpectedFields" classname="com.harpreetsaund.kafkaserializer.serializers.ConsumerRecordStringSerializerTest" time="0.002"/>
  <testcase name="serialize_nullRecord_returnsNull" classname="com.harpreetsaund.kafkaserializer.serializers.ConsumerRecordStringSerializerTest" time="0.0"/>
</testsuite>